<?xml version="1.0" encoding="UTF-8"?>
<testsuites>
  <testsuite name="D:\Code\Omnify Project\event-management\phpunit.xml" tests="5" assertions="45" errors="0" failures="0" skipped="0" time="1.112792">
    <testsuite name="Feature" tests="5" assertions="45" errors="0" failures="0" skipped="0" time="1.112792">
      <testsuite name="Tests\Feature\AttendeesPaginationTest" file="D:\Code\Omnify Project\event-management\tests\Feature\AttendeesPaginationTest.php" tests="1" assertions="33" errors="0" failures="0" skipped="0" time="0.930775">
        <testcase name="test_attendees_pagination_metadata_and_counts" file="D:\Code\Omnify Project\event-management\tests\Feature\AttendeesPaginationTest.php" line="13" class="Tests\Feature\AttendeesPaginationTest" classname="Tests.Feature.AttendeesPaginationTest" assertions="33" time="0.930775"/>
      </testsuite>
      <testsuite name="Tests\Feature\EventApiTest" file="D:\Code\Omnify Project\event-management\tests\Feature\EventApiTest.php" tests="1" assertions="3" errors="0" failures="0" skipped="0" time="0.053444">
        <testcase name="test_create_and_list_event_with_timezone" file="D:\Code\Omnify Project\event-management\tests\Feature\EventApiTest.php" line="12" class="Tests\Feature\EventApiTest" classname="Tests.Feature.EventApiTest" assertions="3" time="0.053444"/>
      </testsuite>
      <testsuite name="Tests\Feature\ExampleTest" file="D:\Code\Omnify Project\event-management\tests\Feature\ExampleTest.php" tests="1" assertions="1" errors="0" failures="0" skipped="0" time="0.018443">
        <testcase name="test_the_application_returns_a_successful_response" file="D:\Code\Omnify Project\event-management\tests\Feature\ExampleTest.php" line="13" class="Tests\Feature\ExampleTest" classname="Tests.Feature.ExampleTest" assertions="1" time="0.018443"/>
      </testsuite>
      <testsuite name="Tests\Feature\RegistrationApiTest" file="D:\Code\Omnify Project\event-management\tests\Feature\RegistrationApiTest.php" tests="1" assertions="3" errors="0" failures="0" skipped="0" time="0.066716">
        <testcase name="test_register_and_duplicate" file="D:\Code\Omnify Project\event-management\tests\Feature\RegistrationApiTest.php" line="13" class="Tests\Feature\RegistrationApiTest" classname="Tests.Feature.RegistrationApiTest" assertions="3" time="0.066716"/>
      </testsuite>
      <testsuite name="Tests\Feature\TimezoneConversionTest" file="D:\Code\Omnify Project\event-management\tests\Feature\TimezoneConversionTest.php" tests="1" assertions="5" errors="0" failures="0" skipped="0" time="0.043413">
        <testcase name="test_times_are_stored_in_utc_and_returned_in_requested_tz" file="D:\Code\Omnify Project\event-management\tests\Feature\TimezoneConversionTest.php" line="12" class="Tests\Feature\TimezoneConversionTest" classname="Tests.Feature.TimezoneConversionTest" assertions="5" time="0.043413"/>
      </testsuite>
    </testsuite>
  </testsuite>
</testsuites>
